doptor-super-app@ C:\Users\soumi\Desktop\Doptor-super-app-monorepo
в”њв”Ђв”¬ @doptor/backend-api@0.0.1 -> .\backend\api
в”‚ в””в”Ђв”¬ drizzle-orm@0.29.5
в”‚   в””в”Ђв”Ђ react@18.2.0 deduped
в”њв”Ђв”¬ @doptor/mobile@0.0.1 -> .\frontend\mobile
в”‚ в”њв”Ђв”¬ react-native@0.73.4
в”‚ в”‚ в”њв”Ђв”¬ react-shallow-renderer@16.15.0
в”‚ в”‚ в”‚ в””в”Ђв”Ђ react@18.2.0 deduped
в”‚ в”‚ в””в”Ђв”Ђ react@18.2.0 deduped
в”‚ в””в”Ђв”Ђ react@18.2.0 deduped
в”њв”Ђв”¬ @doptor/shared@0.0.0 -> .\frontend\shared
в”‚ в””в”Ђв”Ђ react@18.2.0 deduped
в”њв”Ђв”¬ @doptor/web@0.1.0 -> .\frontend\web
в”‚ в”њв”Ђв”¬ framer-motion@12.34.3
в”‚ в”‚ в””в”Ђв”Ђ react@18.2.0 deduped
в”‚ в”њв”Ђв”¬ lucide-react@0.563.0
в”‚ в”‚ в””в”Ђв”Ђ react@18.2.0 deduped
в”‚ в”њв”Ђв”¬ next@14.1.0
в”‚ в”‚ в”њв”Ђв”Ђ react@18.2.0 deduped
в”‚ в”‚ в””в”Ђв”¬ styled-jsx@5.1.1
в”‚ в”‚   в””в”Ђв”Ђ react@18.2.0 deduped
в”‚ в”њв”Ђв”Ђ react@18.2.0 deduped
в”‚ в””в”Ђв”¬ sonner@2.0.7
в”‚   в””в”Ђв”Ђ react@18.2.0 deduped
в”њв”Ђв”¬ react-dom@18.2.0
в”‚ в””в”Ђв”Ђ react@18.2.0 deduped
в””в”Ђв”Ђ react@18.2.0

