• turbo 2.8.10
• Packages in scope: @doptor/web
• Running build in 1 packages
• Remote caching disabled
@doptor/web:build: cache miss, executing 1013f893fea7d5db
@doptor/web:build: 
@doptor/web:build: > @doptor/web@0.1.0 build
@doptor/web:build: > next build
@doptor/web:build: 
@doptor/web:build:    ▲ Next.js 14.1.0
@doptor/web:build:    - Environments: .env.local
@doptor/web:build:    - Experiments (use at your own risk):
@doptor/web:build:      · missingSuspenseWithCSRBailout
@doptor/web:build: 
@doptor/web:build:    Creating an optimized production build ...
@doptor/web:build:  ✓ Compiled successfully
@doptor/web:build:    Linting and checking validity of types ...
@doptor/web:build:    Collecting page data ...
@doptor/web:build:    Generating static pages (0/46) ...
@doptor/web:build: @doptor/web:build:    Generating static pages (11/46) 
@doptor/web:build: @doptor/web:build:    Generating static pages (22/46) 
@doptor/web:build: @doptor/web:build:    Generating static pages (34/46) 
@doptor/web:build: @doptor/web:build:  ✓ Generating static pages (46/46) 
@doptor/web:build:    Finalizing page optimization ...
@doptor/web:build:    Collecting build traces ...
@doptor/web:build: 
@doptor/web:build: Route (app)                              Size     First Load JS
@doptor/web:build: ┌ ○ /                                    3.48 kB         155 kB
@doptor/web:build: ├ ○ /_not-found                          0 B                0 B
@doptor/web:build: ├ ○ /admin/departments                   2.26 kB        86.5 kB
@doptor/web:build: ├ ○ /admin/roles                         2.26 kB        86.5 kB
@doptor/web:build: ├ ○ /admin/settings                      2.26 kB        86.5 kB
@doptor/web:build: ├ ○ /analytics                           3.95 kB        88.2 kB
@doptor/web:build: ├ ○ /approvals                           3.2 kB         87.5 kB
@doptor/web:build: ├ ○ /attendance                          2.26 kB        86.5 kB
@doptor/web:build: ├ ○ /campus                              254 B           152 kB
@doptor/web:build: ├ ○ /campus/academics/classes            5.87 kB         117 kB
@doptor/web:build: ├ ○ /campus/academics/courses            4.55 kB         115 kB
@doptor/web:build: ├ ○ /campus/academics/departments        4.26 kB         115 kB
@doptor/web:build: ├ ○ /campus/academics/faculty            151 B           123 kB
@doptor/web:build: ├ ○ /campus/academics/years              2.98 kB        87.2 kB
@doptor/web:build: ├ ○ /campus/attendance                   147 B          84.4 kB
@doptor/web:build: ├ ○ /campus/attendance/calendar          4.79 kB         116 kB
@doptor/web:build: ├ ○ /campus/attendance/mark              5.04 kB         116 kB
@doptor/web:build: ├ ○ /campus/attendance/reports           5.76 kB         112 kB
@doptor/web:build: ├ ○ /campus/faculty                      150 B           123 kB
@doptor/web:build: ├ λ /campus/faculty/[id]                 5.3 kB          123 kB
@doptor/web:build: ├ ○ /campus/students                     5.76 kB         128 kB
@doptor/web:build: ├ λ /campus/students/[id]                5.58 kB         123 kB
@doptor/web:build: ├ ○ /campus/timetable                    147 B          84.4 kB
@doptor/web:build: ├ ○ /communication                       3.92 kB        88.2 kB
@doptor/web:build: ├ ○ /documents                           4.03 kB        88.3 kB
@doptor/web:build: ├ ○ /forgot-password                     2.91 kB         156 kB
@doptor/web:build: ├ ○ /login                               3.39 kB         157 kB
@doptor/web:build: ├ ○ /network                             2.26 kB        86.5 kB
@doptor/web:build: ├ ○ /network/admin                       2.26 kB        86.5 kB
@doptor/web:build: ├ ○ /network/campaigns                   2.26 kB        86.5 kB
@doptor/web:build: ├ ○ /network/feed                        2.26 kB        86.5 kB
@doptor/web:build: ├ ○ /network/group                       2.26 kB        86.5 kB
@doptor/web:build: ├ ○ /network/opportunities               2.26 kB        86.5 kB
@doptor/web:build: ├ ○ /network/volunteers                  2.26 kB        86.5 kB
@doptor/web:build: ├ ○ /office                              5.11 kB        89.4 kB
@doptor/web:build: ├ ○ /office/admin                        2.26 kB        86.5 kB
@doptor/web:build: ├ ○ /office/files                        4.51 kB         130 kB
@doptor/web:build: ├ λ /office/files/[id]                   1.22 kB         104 kB
@doptor/web:build: ├ ○ /office/registry                     2.26 kB        86.5 kB
@doptor/web:build: ├ ○ /office/reports                      2.26 kB        86.5 kB
@doptor/web:build: ├ ○ /office/team                         2.26 kB        86.5 kB
@doptor/web:build: ├ ○ /onboarding                          2.12 kB        93.2 kB
@doptor/web:build: ├ ○ /register                            4.78 kB         158 kB
@doptor/web:build: ├ ○ /reset-password                      3.46 kB         157 kB
@doptor/web:build: ├ ○ /settings                            3.83 kB        92.6 kB
@doptor/web:build: ├ ○ /tasks                               5.81 kB        94.6 kB
@doptor/web:build: └ ○ /verify-email                        2.45 kB         156 kB
@doptor/web:build: + First Load JS shared by all            84.3 kB
@doptor/web:build:   ├ chunks/1dd3208c-c27af39aa24969b7.js  53.4 kB
@doptor/web:build:   ├ chunks/9997-afb70f1b3dc32cfd.js      28.9 kB
@doptor/web:build:   └ other shared chunks (total)          1.96 kB
@doptor/web:build: 
@doptor/web:build: 
@doptor/web:build: ƒ Middleware                             40.9 kB
@doptor/web:build: 
@doptor/web:build: ○  (Static)   prerendered as static content
@doptor/web:build: λ  (Dynamic)  server-rendered on demand using Node.js
@doptor/web:build: 

 Tasks:    1 successful, 1 total
Cached:    0 cached, 1 total
  Time:    24.301s 

