• turbo 2.8.10
• Packages in scope: @doptor/web
• Running build in 1 packages
• Remote caching disabled
@doptor/web:build: cache miss, executing 840d525bcad9c7e2
@doptor/web:build: 
@doptor/web:build: > @doptor/web@0.1.0 build
@doptor/web:build: > next build
@doptor/web:build: 
@doptor/web:build:    ▲ Next.js 14.1.0
@doptor/web:build:    - Environments: .env.local
@doptor/web:build:    - Experiments (use at your own risk):
@doptor/web:build:      · missingSuspenseWithCSRBailout
@doptor/web:build: 
@doptor/web:build:    Creating an optimized production build ...
@doptor/web:build:  ✓ Compiled successfully
@doptor/web:build:    Linting and checking validity of types ...
@doptor/web:build: Failed to compile.
@doptor/web:build: 
@doptor/web:build: ./features/auth/RoleContext.tsx:45:13
@doptor/web:build: Type error: Type 'React.ReactNode' is not assignable to type 'import("C:/Users/soumi/Desktop/Doptor-super-app-monorepo/frontend/node_modules/@types/react/index").ReactNode'.
@doptor/web:build:   Type 'bigint' is not assignable to type 'ReactNode'.
@doptor/web:build: 
@doptor/web:build: [0m [90m 43 |[39m     [36mreturn[39m ([0m
@doptor/web:build: [0m [90m 44 |[39m         [33m<[39m[33mRoleContext[39m[33m.[39m[33mProvider[39m value[33m=[39m{value}[33m>[39m[0m
@doptor/web:build: [0m[31m[1m>[22m[39m[90m 45 |[39m             {children}[0m
@doptor/web:build: [0m [90m    |[39m             [31m[1m^[22m[39m[0m
@doptor/web:build: [0m [90m 46 |[39m         [33m<[39m[33m/[39m[33mRoleContext[39m[33m.[39m[33mProvider[39m[33m>[39m[0m
@doptor/web:build: [0m [90m 47 |[39m     )[33m;[39m[0m
@doptor/web:build: [0m [90m 48 |[39m }[0m
@doptor/web:build: npm error Lifecycle script `build` failed with error:
@doptor/web:build: npm error code 1
@doptor/web:build: npm error path C:\Users\soumi\Desktop\Doptor-super-app-monorepo\frontend\web
@doptor/web:build: npm error workspace @doptor/web@0.1.0
@doptor/web:build: npm error location C:\Users\soumi\Desktop\Doptor-super-app-monorepo\frontend\web
@doptor/web:build: npm error command failed
@doptor/web:build: npm error command C:\WINDOWS\system32\cmd.exe /d /s /c next build
@doptor/web:build: ERROR: command finished with error: command (C:\Users\soumi\Desktop\Doptor-super-app-monorepo\frontend\web) C:\Program Files\nodejs\npm.cmd run build exited (1)
@doptor/web#build: command (C:\Users\soumi\Desktop\Doptor-super-app-monorepo\frontend\web) C:\Program Files\nodejs\npm.cmd run build exited (1)

 Tasks:    0 successful, 1 total
Cached:    0 cached, 1 total
  Time:    10.36s 
Failed:    @doptor/web#build

 ERROR  run failed: command  exited (1)
