
> @doptor/web@0.1.0 build
> next build

   ▲ Next.js 14.1.0
   - Environments: .env.local
   - Experiments (use at your own risk):
     · missingSuspenseWithCSRBailout

   Creating an optimized production build ...
 ✓ Compiled successfully
   Linting and checking validity of types ...
   Collecting page data ...
   Generating static pages (0/46) ...

   Generating static pages (11/46) 
TypeError: Cannot read properties of null (reading 'useContext')
    at exports.useContext (C:\Users\soumi\Desktop\Doptor-super-app-monorepo\node_modules\react\cjs\react.production.min.js:24:495)
    at StyleRegistry (C:\Users\soumi\Desktop\Doptor-super-app-monorepo\node_modules\styled-jsx\dist\index\index.js:450:30)
    at Wc (C:\Users\soumi\Desktop\Doptor-super-app-monorepo\frontend\node_modules\react-dom\cjs\react-dom-server.browser.production.min.js:68:44)
    at Zc (C:\Users\soumi\Desktop\Doptor-super-app-monorepo\frontend\node_modules\react-dom\cjs\react-dom-server.browser.production.min.js:70:253)
    at Z (C:\Users\soumi\Desktop\Doptor-super-app-monorepo\frontend\node_modules\react-dom\cjs\react-dom-server.browser.production.min.js:76:89)
    at Zc (C:\Users\soumi\Desktop\Doptor-super-app-monorepo\frontend\node_modules\react-dom\cjs\react-dom-server.browser.production.min.js:74:209)
    at Z (C:\Users\soumi\Desktop\Doptor-super-app-monorepo\frontend\node_modules\react-dom\cjs\react-dom-server.browser.production.min.js:76:89)
    at Zc (C:\Users\soumi\Desktop\Doptor-super-app-monorepo\frontend\node_modules\react-dom\cjs\react-dom-server.browser.production.min.js:74:209)
    at Z (C:\Users\soumi\Desktop\Doptor-super-app-monorepo\frontend\node_modules\react-dom\cjs\react-dom-server.browser.production.min.js:76:89)
    at Zc (C:\Users\soumi\Desktop\Doptor-super-app-monorepo\frontend\node_modules\react-dom\cjs\react-dom-server.browser.production.min.js:74:209)

Error occurred prerendering page "/404". Read more: https://nextjs.org/docs/messages/prerender-error

TypeError: Cannot read properties of null (reading 'useContext')
    at exports.useContext (C:\Users\soumi\Desktop\Doptor-super-app-monorepo\node_modules\react\cjs\react.production.min.js:24:495)
    at StyleRegistry (C:\Users\soumi\Desktop\Doptor-super-app-monorepo\node_modules\styled-jsx\dist\index\index.js:450:30)
    at Wc (C:\Users\soumi\Desktop\Doptor-super-app-monorepo\frontend\node_modules\react-dom\cjs\react-dom-server.browser.production.min.js:68:44)
    at Zc (C:\Users\soumi\Desktop\Doptor-super-app-monorepo\frontend\node_modules\react-dom\cjs\react-dom-server.browser.production.min.js:70:253)
    at Z (C:\Users\soumi\Desktop\Doptor-super-app-monorepo\frontend\node_modules\react-dom\cjs\react-dom-server.browser.production.min.js:76:89)
    at Zc (C:\Users\soumi\Desktop\Doptor-super-app-monorepo\frontend\node_modules\react-dom\cjs\react-dom-server.browser.production.min.js:74:209)
    at Z (C:\Users\soumi\Desktop\Doptor-super-app-monorepo\frontend\node_modules\react-dom\cjs\react-dom-server.browser.production.min.js:76:89)
    at Zc (C:\Users\soumi\Desktop\Doptor-super-app-monorepo\frontend\node_modules\react-dom\cjs\react-dom-server.browser.production.min.js:74:209)
    at Z (C:\Users\soumi\Desktop\Doptor-super-app-monorepo\frontend\node_modules\react-dom\cjs\react-dom-server.browser.production.min.js:76:89)
    at Zc (C:\Users\soumi\Desktop\Doptor-super-app-monorepo\frontend\node_modules\react-dom\cjs\react-dom-server.browser.production.min.js:74:209)

   Generating static pages (22/46) 
TypeError: Cannot read properties of null (reading 'useContext')
    at exports.useContext (C:\Users\soumi\Desktop\Doptor-super-app-monorepo\node_modules\react\cjs\react.production.min.js:24:495)
    at StyleRegistry (C:\Users\soumi\Desktop\Doptor-super-app-monorepo\node_modules\styled-jsx\dist\index\index.js:450:30)
    at Wc (C:\Users\soumi\Desktop\Doptor-super-app-monorepo\frontend\node_modules\react-dom\cjs\react-dom-server.browser.production.min.js:68:44)
    at Zc (C:\Users\soumi\Desktop\Doptor-super-app-monorepo\frontend\node_modules\react-dom\cjs\react-dom-server.browser.production.min.js:70:253)
    at Z (C:\Users\soumi\Desktop\Doptor-super-app-monorepo\frontend\node_modules\react-dom\cjs\react-dom-server.browser.production.min.js:76:89)
    at Zc (C:\Users\soumi\Desktop\Doptor-super-app-monorepo\frontend\node_modules\react-dom\cjs\react-dom-server.browser.production.min.js:74:209)
    at Z (C:\Users\soumi\Desktop\Doptor-super-app-monorepo\frontend\node_modules\react-dom\cjs\react-dom-server.browser.production.min.js:76:89)
    at Zc (C:\Users\soumi\Desktop\Doptor-super-app-monorepo\frontend\node_modules\react-dom\cjs\react-dom-server.browser.production.min.js:74:209)
    at Z (C:\Users\soumi\Desktop\Doptor-super-app-monorepo\frontend\node_modules\react-dom\cjs\react-dom-server.browser.production.min.js:76:89)
    at Zc (C:\Users\soumi\Desktop\Doptor-super-app-monorepo\frontend\node_modules\react-dom\cjs\react-dom-server.browser.production.min.js:74:209)

Error occurred prerendering page "/500". Read more: https://nextjs.org/docs/messages/prerender-error

TypeError: Cannot read properties of null (reading 'useContext')
    at exports.useContext (C:\Users\soumi\Desktop\Doptor-super-app-monorepo\node_modules\react\cjs\react.production.min.js:24:495)
    at StyleRegistry (C:\Users\soumi\Desktop\Doptor-super-app-monorepo\node_modules\styled-jsx\dist\index\index.js:450:30)
    at Wc (C:\Users\soumi\Desktop\Doptor-super-app-monorepo\frontend\node_modules\react-dom\cjs\react-dom-server.browser.production.min.js:68:44)
    at Zc (C:\Users\soumi\Desktop\Doptor-super-app-monorepo\frontend\node_modules\react-dom\cjs\react-dom-server.browser.production.min.js:70:253)
    at Z (C:\Users\soumi\Desktop\Doptor-super-app-monorepo\frontend\node_modules\react-dom\cjs\react-dom-server.browser.production.min.js:76:89)
    at Zc (C:\Users\soumi\Desktop\Doptor-super-app-monorepo\frontend\node_modules\react-dom\cjs\react-dom-server.browser.production.min.js:74:209)
    at Z (C:\Users\soumi\Desktop\Doptor-super-app-monorepo\frontend\node_modules\react-dom\cjs\react-dom-server.browser.production.min.js:76:89)
    at Zc (C:\Users\soumi\Desktop\Doptor-super-app-monorepo\frontend\node_modules\react-dom\cjs\react-dom-server.browser.production.min.js:74:209)
    at Z (C:\Users\soumi\Desktop\Doptor-super-app-monorepo\frontend\node_modules\react-dom\cjs\react-dom-server.browser.production.min.js:76:89)
    at Zc (C:\Users\soumi\Desktop\Doptor-super-app-monorepo\frontend\node_modules\react-dom\cjs\react-dom-server.browser.production.min.js:74:209)

   Generating static pages (34/46) 

 ✓ Generating static pages (46/46) 

> Export encountered errors on following paths:
	/_error: /404
	/_error: /500
npm error Lifecycle script `build` failed with error:
npm error code 1
npm error path C:\Users\soumi\Desktop\Doptor-super-app-monorepo\frontend\web
npm error workspace @doptor/web@0.1.0
npm error location C:\Users\soumi\Desktop\Doptor-super-app-monorepo\frontend\web
npm error command failed
npm error command C:\WINDOWS\system32\cmd.exe /d /s /c next build
